{"D:\\seucom\\New folder\\backend-test-eigen\\app.js": {"path":"D:\\seucom\\New folder\\backend-test-eigen\\app.js","statementMap":{"0":{"start":{"line":2,"column":16},"end":{"line":2,"column":34}},"1":{"start":{"line":3,"column":13},"end":{"line":3,"column":28}},"2":{"start":{"line":4,"column":19},"end":{"line":4,"column":41}},"3":{"start":{"line":5,"column":15},"end":{"line":5,"column":34}},"4":{"start":{"line":6,"column":13},"end":{"line":6,"column":28}},"5":{"start":{"line":7,"column":15},"end":{"line":7,"column":34}},"6":{"start":{"line":8,"column":25},"end":{"line":8,"column":48}},"7":{"start":{"line":9,"column":23},"end":{"line":9,"column":61}},"8":{"start":{"line":10,"column":31},"end":{"line":10,"column":67}},"9":{"start":{"line":11,"column":0},"end":{"line":11,"column":27}},"10":{"start":{"line":13,"column":12},"end":{"line":13,"column":21}},"11":{"start":{"line":15,"column":0},"end":{"line":15,"column":70}},"12":{"start":{"line":16,"column":0},"end":{"line":16,"column":67}},"13":{"start":{"line":18,"column":0},"end":{"line":18,"column":44}},"14":{"start":{"line":19,"column":0},"end":{"line":19,"column":66}},"15":{"start":{"line":22,"column":0},"end":{"line":22,"column":24}},"16":{"start":{"line":23,"column":0},"end":{"line":23,"column":32}},"17":{"start":{"line":25,"column":0},"end":{"line":25,"column":21}}},"fnMap":{},"branchMap":{},"s":{"0":1,"1":1,"2":1,"3":1,"4":1,"5":1,"6":1,"7":1,"8":1,"9":1,"10":1,"11":1,"12":1,"13":1,"14":1,"15":1,"16":1,"17":1},"f":{},"b":{},"_coverageSchema":"1a1c01bbd47fc00a2c39e90264f33305004495a9","hash":"d8e5f9a2c91b79be14e72bd94a4d0500cfa695c9"}
,"D:\\seucom\\New folder\\backend-test-eigen\\config\\index.js": {"path":"D:\\seucom\\New folder\\backend-test-eigen\\config\\index.js","statementMap":{"0":{"start":{"line":1,"column":0},"end":{"line":1,"column":27}},"1":{"start":{"line":3,"column":0},"end":{"line":21,"column":2}}},"fnMap":{},"branchMap":{"0":{"loc":{"start":{"line":4,"column":27},"end":{"line":4,"column":64}},"type":"binary-expr","locations":[{"start":{"line":4,"column":27},"end":{"line":4,"column":47}},{"start":{"line":4,"column":51},"end":{"line":4,"column":64}}],"line":4},"1":{"loc":{"start":{"line":5,"column":27},"end":{"line":5,"column":51}},"type":"binary-expr","locations":[{"start":{"line":5,"column":27},"end":{"line":5,"column":43}},{"start":{"line":5,"column":47},"end":{"line":5,"column":51}}],"line":5},"2":{"loc":{"start":{"line":6,"column":27},"end":{"line":6,"column":70}},"type":"binary-expr","locations":[{"start":{"line":6,"column":27},"end":{"line":6,"column":47}},{"start":{"line":6,"column":51},"end":{"line":6,"column":70}}],"line":6},"3":{"loc":{"start":{"line":9,"column":27},"end":{"line":9,"column":60}},"type":"binary-expr","locations":[{"start":{"line":9,"column":27},"end":{"line":9,"column":49}},{"start":{"line":9,"column":53},"end":{"line":9,"column":60}}],"line":9},"4":{"loc":{"start":{"line":10,"column":27},"end":{"line":10,"column":61}},"type":"binary-expr","locations":[{"start":{"line":10,"column":27},"end":{"line":10,"column":46}},{"start":{"line":10,"column":50},"end":{"line":10,"column":61}}],"line":10},"5":{"loc":{"start":{"line":11,"column":27},"end":{"line":11,"column":55}},"type":"binary-expr","locations":[{"start":{"line":11,"column":27},"end":{"line":11,"column":47}},{"start":{"line":11,"column":51},"end":{"line":11,"column":55}}],"line":11},"6":{"loc":{"start":{"line":13,"column":27},"end":{"line":13,"column":60}},"type":"binary-expr","locations":[{"start":{"line":13,"column":27},"end":{"line":13,"column":50}},{"start":{"line":13,"column":54},"end":{"line":13,"column":60}}],"line":13},"7":{"loc":{"start":{"line":14,"column":27},"end":{"line":14,"column":56}},"type":"binary-expr","locations":[{"start":{"line":14,"column":27},"end":{"line":14,"column":50}},{"start":{"line":14,"column":54},"end":{"line":14,"column":56}}],"line":14},"8":{"loc":{"start":{"line":15,"column":27},"end":{"line":15,"column":56}},"type":"binary-expr","locations":[{"start":{"line":15,"column":27},"end":{"line":15,"column":51}},{"start":{"line":15,"column":55},"end":{"line":15,"column":56}}],"line":15},"9":{"loc":{"start":{"line":16,"column":27},"end":{"line":16,"column":57}},"type":"binary-expr","locations":[{"start":{"line":16,"column":27},"end":{"line":16,"column":52}},{"start":{"line":16,"column":56},"end":{"line":16,"column":57}}],"line":16},"10":{"loc":{"start":{"line":17,"column":27},"end":{"line":17,"column":64}},"type":"binary-expr","locations":[{"start":{"line":17,"column":27},"end":{"line":17,"column":55}},{"start":{"line":17,"column":59},"end":{"line":17,"column":64}}],"line":17},"11":{"loc":{"start":{"line":18,"column":27},"end":{"line":18,"column":61}},"type":"binary-expr","locations":[{"start":{"line":18,"column":27},"end":{"line":18,"column":52}},{"start":{"line":18,"column":56},"end":{"line":18,"column":61}}],"line":18},"12":{"loc":{"start":{"line":19,"column":27},"end":{"line":19,"column":63}},"type":"binary-expr","locations":[{"start":{"line":19,"column":27},"end":{"line":19,"column":51}},{"start":{"line":19,"column":55},"end":{"line":19,"column":63}}],"line":19}},"s":{"0":1,"1":1},"f":{},"b":{"0":[1,0],"1":[1,0],"2":[1,0],"3":[1,0],"4":[1,0],"5":[1,0],"6":[1,0],"7":[1,1],"8":[1,0],"9":[1,1],"10":[1,0],"11":[1,0],"12":[1,0]},"_coverageSchema":"1a1c01bbd47fc00a2c39e90264f33305004495a9","hash":"b01d4923385427eb7fa01e9f5a969cca7e897049"}
,"D:\\seucom\\New folder\\backend-test-eigen\\controller\\book.js": {"path":"D:\\seucom\\New folder\\backend-test-eigen\\controller\\book.js","statementMap":{"0":{"start":{"line":1,"column":21},"end":{"line":1,"column":41}},"1":{"start":{"line":5,"column":8},"end":{"line":21,"column":9}},"2":{"start":{"line":6,"column":26},"end":{"line":12,"column":14}},"3":{"start":{"line":14,"column":25},"end":{"line":17,"column":11}},"4":{"start":{"line":18,"column":10},"end":{"line":18,"column":39}},"5":{"start":{"line":20,"column":10},"end":{"line":20,"column":22}},"6":{"start":{"line":26,"column":0},"end":{"line":26,"column":21}}},"fnMap":{"0":{"name":"(anonymous_0)","decl":{"start":{"line":4,"column":4},"end":{"line":4,"column":5}},"loc":{"start":{"line":4,"column":43},"end":{"line":22,"column":5}},"line":4}},"branchMap":{},"s":{"0":1,"1":1,"2":1,"3":1,"4":1,"5":0,"6":1},"f":{"0":1},"b":{},"_coverageSchema":"1a1c01bbd47fc00a2c39e90264f33305004495a9","hash":"c44f171610a980eb255676ce9195a69d6b62eeca"}
,"D:\\seucom\\New folder\\backend-test-eigen\\controller\\borrow.js": {"path":"D:\\seucom\\New folder\\backend-test-eigen\\controller\\borrow.js","statementMap":{"0":{"start":{"line":1,"column":44},"end":{"line":1,"column":64}},"1":{"start":{"line":2,"column":15},"end":{"line":2,"column":32}},"2":{"start":{"line":7,"column":8},"end":{"line":79,"column":9}},"3":{"start":{"line":8,"column":29},"end":{"line":8,"column":32}},"4":{"start":{"line":9,"column":67},"end":{"line":9,"column":71}},"5":{"start":{"line":11,"column":12},"end":{"line":13,"column":13}},"6":{"start":{"line":12,"column":16},"end":{"line":12,"column":46}},"7":{"start":{"line":15,"column":12},"end":{"line":17,"column":13}},"8":{"start":{"line":16,"column":16},"end":{"line":16,"column":48}},"9":{"start":{"line":19,"column":12},"end":{"line":21,"column":13}},"10":{"start":{"line":20,"column":16},"end":{"line":20,"column":53}},"11":{"start":{"line":23,"column":30},"end":{"line":25,"column":14}},"12":{"start":{"line":27,"column":32},"end":{"line":29,"column":14}},"13":{"start":{"line":31,"column":12},"end":{"line":33,"column":13}},"14":{"start":{"line":32,"column":16},"end":{"line":32,"column":46}},"15":{"start":{"line":35,"column":12},"end":{"line":37,"column":13}},"16":{"start":{"line":36,"column":16},"end":{"line":36,"column":46}},"17":{"start":{"line":39,"column":12},"end":{"line":41,"column":13}},"18":{"start":{"line":40,"column":16},"end":{"line":40,"column":48}},"19":{"start":{"line":43,"column":12},"end":{"line":52,"column":13}},"20":{"start":{"line":44,"column":30},"end":{"line":44,"column":38}},"21":{"start":{"line":45,"column":38},"end":{"line":45,"column":88}},"22":{"start":{"line":47,"column":43},"end":{"line":47,"column":76}},"23":{"start":{"line":49,"column":16},"end":{"line":51,"column":17}},"24":{"start":{"line":50,"column":20},"end":{"line":50,"column":47}},"25":{"start":{"line":54,"column":35},"end":{"line":59,"column":14}},"26":{"start":{"line":61,"column":12},"end":{"line":63,"column":13}},"27":{"start":{"line":62,"column":16},"end":{"line":62,"column":47}},"28":{"start":{"line":66,"column":31},"end":{"line":70,"column":13}},"29":{"start":{"line":72,"column":12},"end":{"line":72,"column":43}},"30":{"start":{"line":73,"column":12},"end":{"line":73,"column":121}},"31":{"start":{"line":75,"column":10},"end":{"line":75,"column":62}},"32":{"start":{"line":77,"column":12},"end":{"line":77,"column":30}},"33":{"start":{"line":78,"column":10},"end":{"line":78,"column":22}},"34":{"start":{"line":83,"column":8},"end":{"line":149,"column":9}},"35":{"start":{"line":85,"column":29},"end":{"line":85,"column":32}},"36":{"start":{"line":86,"column":67},"end":{"line":86,"column":71}},"37":{"start":{"line":88,"column":12},"end":{"line":90,"column":13}},"38":{"start":{"line":89,"column":16},"end":{"line":89,"column":46}},"39":{"start":{"line":92,"column":12},"end":{"line":94,"column":13}},"40":{"start":{"line":93,"column":16},"end":{"line":93,"column":48}},"41":{"start":{"line":96,"column":12},"end":{"line":98,"column":13}},"42":{"start":{"line":97,"column":16},"end":{"line":97,"column":53}},"43":{"start":{"line":100,"column":32},"end":{"line":106,"column":14}},"44":{"start":{"line":108,"column":12},"end":{"line":110,"column":13}},"45":{"start":{"line":109,"column":16},"end":{"line":109,"column":60}},"46":{"start":{"line":113,"column":30},"end":{"line":115,"column":14}},"47":{"start":{"line":117,"column":32},"end":{"line":119,"column":14}},"48":{"start":{"line":121,"column":12},"end":{"line":123,"column":13}},"49":{"start":{"line":122,"column":16},"end":{"line":122,"column":46}},"50":{"start":{"line":125,"column":12},"end":{"line":127,"column":13}},"51":{"start":{"line":126,"column":16},"end":{"line":126,"column":48}},"52":{"start":{"line":130,"column":30},"end":{"line":130,"column":78}},"53":{"start":{"line":131,"column":30},"end":{"line":131,"column":66}},"54":{"start":{"line":133,"column":29},"end":{"line":133,"column":62}},"55":{"start":{"line":135,"column":12},"end":{"line":135,"column":121}},"56":{"start":{"line":136,"column":12},"end":{"line":136,"column":116}},"57":{"start":{"line":138,"column":12},"end":{"line":143,"column":13}},"58":{"start":{"line":139,"column":16},"end":{"line":142,"column":20}},"59":{"start":{"line":145,"column":10},"end":{"line":145,"column":61}},"60":{"start":{"line":147,"column":12},"end":{"line":147,"column":52}},"61":{"start":{"line":148,"column":10},"end":{"line":148,"column":22}},"62":{"start":{"line":155,"column":0},"end":{"line":155,"column":23}}},"fnMap":{"0":{"name":"(anonymous_0)","decl":{"start":{"line":6,"column":4},"end":{"line":6,"column":5}},"loc":{"start":{"line":6,"column":44},"end":{"line":80,"column":5}},"line":6},"1":{"name":"(anonymous_1)","decl":{"start":{"line":82,"column":4},"end":{"line":82,"column":5}},"loc":{"start":{"line":82,"column":44},"end":{"line":150,"column":5}},"line":82}},"branchMap":{"0":{"loc":{"start":{"line":11,"column":12},"end":{"line":13,"column":13}},"type":"if","locations":[{"start":{"line":11,"column":12},"end":{"line":13,"column":13}},{"start":{},"end":{}}],"line":11},"1":{"loc":{"start":{"line":15,"column":12},"end":{"line":17,"column":13}},"type":"if","locations":[{"start":{"line":15,"column":12},"end":{"line":17,"column":13}},{"start":{},"end":{}}],"line":15},"2":{"loc":{"start":{"line":19,"column":12},"end":{"line":21,"column":13}},"type":"if","locations":[{"start":{"line":19,"column":12},"end":{"line":21,"column":13}},{"start":{},"end":{}}],"line":19},"3":{"loc":{"start":{"line":31,"column":12},"end":{"line":33,"column":13}},"type":"if","locations":[{"start":{"line":31,"column":12},"end":{"line":33,"column":13}},{"start":{},"end":{}}],"line":31},"4":{"loc":{"start":{"line":35,"column":12},"end":{"line":37,"column":13}},"type":"if","locations":[{"start":{"line":35,"column":12},"end":{"line":37,"column":13}},{"start":{},"end":{}}],"line":35},"5":{"loc":{"start":{"line":39,"column":12},"end":{"line":41,"column":13}},"type":"if","locations":[{"start":{"line":39,"column":12},"end":{"line":41,"column":13}},{"start":{},"end":{}}],"line":39},"6":{"loc":{"start":{"line":43,"column":12},"end":{"line":52,"column":13}},"type":"if","locations":[{"start":{"line":43,"column":12},"end":{"line":52,"column":13}},{"start":{},"end":{}}],"line":43},"7":{"loc":{"start":{"line":49,"column":16},"end":{"line":51,"column":17}},"type":"if","locations":[{"start":{"line":49,"column":16},"end":{"line":51,"column":17}},{"start":{},"end":{}}],"line":49},"8":{"loc":{"start":{"line":61,"column":12},"end":{"line":63,"column":13}},"type":"if","locations":[{"start":{"line":61,"column":12},"end":{"line":63,"column":13}},{"start":{},"end":{}}],"line":61},"9":{"loc":{"start":{"line":88,"column":12},"end":{"line":90,"column":13}},"type":"if","locations":[{"start":{"line":88,"column":12},"end":{"line":90,"column":13}},{"start":{},"end":{}}],"line":88},"10":{"loc":{"start":{"line":92,"column":12},"end":{"line":94,"column":13}},"type":"if","locations":[{"start":{"line":92,"column":12},"end":{"line":94,"column":13}},{"start":{},"end":{}}],"line":92},"11":{"loc":{"start":{"line":96,"column":12},"end":{"line":98,"column":13}},"type":"if","locations":[{"start":{"line":96,"column":12},"end":{"line":98,"column":13}},{"start":{},"end":{}}],"line":96},"12":{"loc":{"start":{"line":108,"column":12},"end":{"line":110,"column":13}},"type":"if","locations":[{"start":{"line":108,"column":12},"end":{"line":110,"column":13}},{"start":{},"end":{}}],"line":108},"13":{"loc":{"start":{"line":121,"column":12},"end":{"line":123,"column":13}},"type":"if","locations":[{"start":{"line":121,"column":12},"end":{"line":123,"column":13}},{"start":{},"end":{}}],"line":121},"14":{"loc":{"start":{"line":125,"column":12},"end":{"line":127,"column":13}},"type":"if","locations":[{"start":{"line":125,"column":12},"end":{"line":127,"column":13}},{"start":{},"end":{}}],"line":125},"15":{"loc":{"start":{"line":138,"column":12},"end":{"line":143,"column":13}},"type":"if","locations":[{"start":{"line":138,"column":12},"end":{"line":143,"column":13}},{"start":{},"end":{}}],"line":138}},"s":{"0":1,"1":1,"2":1,"3":1,"4":1,"5":1,"6":0,"7":1,"8":0,"9":1,"10":0,"11":1,"12":1,"13":1,"14":0,"15":1,"16":0,"17":1,"18":0,"19":1,"20":0,"21":0,"22":0,"23":0,"24":0,"25":1,"26":1,"27":0,"28":1,"29":1,"30":1,"31":1,"32":0,"33":0,"34":1,"35":1,"36":1,"37":1,"38":0,"39":1,"40":0,"41":1,"42":0,"43":1,"44":1,"45":0,"46":1,"47":1,"48":1,"49":0,"50":1,"51":0,"52":1,"53":1,"54":1,"55":1,"56":1,"57":1,"58":0,"59":1,"60":0,"61":0,"62":1},"f":{"0":1,"1":1},"b":{"0":[0,1],"1":[0,1],"2":[0,1],"3":[0,1],"4":[0,1],"5":[0,1],"6":[0,1],"7":[0,0],"8":[0,1],"9":[0,1],"10":[0,1],"11":[0,1],"12":[0,1],"13":[0,1],"14":[0,1],"15":[0,1]},"_coverageSchema":"1a1c01bbd47fc00a2c39e90264f33305004495a9","hash":"ad03463de58513fffb7a5b4411d83761bc8ed2e0"}
,"D:\\seucom\\New folder\\backend-test-eigen\\controller\\members.js": {"path":"D:\\seucom\\New folder\\backend-test-eigen\\controller\\members.js","statementMap":{"0":{"start":{"line":1,"column":38},"end":{"line":1,"column":58}},"1":{"start":{"line":6,"column":8},"end":{"line":36,"column":9}},"2":{"start":{"line":7,"column":32},"end":{"line":21,"column":14}},"3":{"start":{"line":23,"column":30},"end":{"line":23,"column":81}},"4":{"start":{"line":23,"column":55},"end":{"line":23,"column":80}},"5":{"start":{"line":24,"column":27},"end":{"line":29,"column":14}},"6":{"start":{"line":25,"column":16},"end":{"line":28,"column":17}},"7":{"start":{"line":32,"column":10},"end":{"line":32,"column":39}},"8":{"start":{"line":34,"column":12},"end":{"line":34,"column":30}},"9":{"start":{"line":35,"column":10},"end":{"line":35,"column":22}},"10":{"start":{"line":42,"column":0},"end":{"line":42,"column":23}}},"fnMap":{"0":{"name":"(anonymous_0)","decl":{"start":{"line":5,"column":4},"end":{"line":5,"column":5}},"loc":{"start":{"line":5,"column":45},"end":{"line":37,"column":5}},"line":5},"1":{"name":"(anonymous_1)","decl":{"start":{"line":23,"column":46},"end":{"line":23,"column":47}},"loc":{"start":{"line":23,"column":55},"end":{"line":23,"column":80}},"line":23},"2":{"name":"(anonymous_2)","decl":{"start":{"line":24,"column":41},"end":{"line":24,"column":42}},"loc":{"start":{"line":24,"column":51},"end":{"line":29,"column":13}},"line":24}},"branchMap":{},"s":{"0":1,"1":1,"2":1,"3":1,"4":3,"5":1,"6":3,"7":1,"8":0,"9":0,"10":1},"f":{"0":1,"1":3,"2":3},"b":{},"_coverageSchema":"1a1c01bbd47fc00a2c39e90264f33305004495a9","hash":"ede603ae11507504dfaa1fbb3ac24d330aa81b39"}
,"D:\\seucom\\New folder\\backend-test-eigen\\middleware\\errorhandler.js": {"path":"D:\\seucom\\New folder\\backend-test-eigen\\middleware\\errorhandler.js","statementMap":{"0":{"start":{"line":1,"column":0},"end":{"line":59,"column":4}},"1":{"start":{"line":2,"column":18},"end":{"line":2,"column":41}},"2":{"start":{"line":3,"column":17},"end":{"line":3,"column":20}},"3":{"start":{"line":5,"column":4},"end":{"line":56,"column":5}},"4":{"start":{"line":9,"column":8},"end":{"line":9,"column":21}},"5":{"start":{"line":10,"column":8},"end":{"line":10,"column":42}},"6":{"start":{"line":11,"column":8},"end":{"line":11,"column":14}},"7":{"start":{"line":13,"column":8},"end":{"line":13,"column":21}},"8":{"start":{"line":14,"column":8},"end":{"line":14,"column":35}},"9":{"start":{"line":15,"column":8},"end":{"line":15,"column":14}},"10":{"start":{"line":17,"column":8},"end":{"line":17,"column":21}},"11":{"start":{"line":18,"column":8},"end":{"line":18,"column":37}},"12":{"start":{"line":19,"column":8},"end":{"line":19,"column":14}},"13":{"start":{"line":21,"column":8},"end":{"line":21,"column":21}},"14":{"start":{"line":22,"column":8},"end":{"line":22,"column":65}},"15":{"start":{"line":23,"column":8},"end":{"line":23,"column":14}},"16":{"start":{"line":25,"column":8},"end":{"line":25,"column":21}},"17":{"start":{"line":26,"column":8},"end":{"line":26,"column":51}},"18":{"start":{"line":27,"column":8},"end":{"line":27,"column":14}},"19":{"start":{"line":29,"column":8},"end":{"line":29,"column":21}},"20":{"start":{"line":30,"column":8},"end":{"line":30,"column":34}},"21":{"start":{"line":31,"column":8},"end":{"line":31,"column":14}},"22":{"start":{"line":33,"column":8},"end":{"line":33,"column":21}},"23":{"start":{"line":34,"column":8},"end":{"line":34,"column":36}},"24":{"start":{"line":35,"column":8},"end":{"line":35,"column":14}},"25":{"start":{"line":37,"column":8},"end":{"line":37,"column":21}},"26":{"start":{"line":38,"column":8},"end":{"line":38,"column":41}},"27":{"start":{"line":39,"column":8},"end":{"line":39,"column":14}},"28":{"start":{"line":41,"column":8},"end":{"line":41,"column":21}},"29":{"start":{"line":42,"column":8},"end":{"line":42,"column":41}},"30":{"start":{"line":43,"column":8},"end":{"line":43,"column":14}},"31":{"start":{"line":45,"column":8},"end":{"line":45,"column":21}},"32":{"start":{"line":46,"column":8},"end":{"line":46,"column":45}},"33":{"start":{"line":47,"column":8},"end":{"line":47,"column":14}},"34":{"start":{"line":49,"column":8},"end":{"line":49,"column":21}},"35":{"start":{"line":50,"column":8},"end":{"line":50,"column":48}},"36":{"start":{"line":51,"column":8},"end":{"line":51,"column":14}},"37":{"start":{"line":53,"column":8},"end":{"line":53,"column":42}},"38":{"start":{"line":54,"column":8},"end":{"line":54,"column":21}},"39":{"start":{"line":55,"column":8},"end":{"line":55,"column":14}},"40":{"start":{"line":58,"column":4},"end":{"line":58,"column":50}}},"fnMap":{"0":{"name":"(anonymous_0)","decl":{"start":{"line":1,"column":17},"end":{"line":1,"column":18}},"loc":{"start":{"line":1,"column":44},"end":{"line":59,"column":3}},"line":1}},"branchMap":{"0":{"loc":{"start":{"line":5,"column":4},"end":{"line":56,"column":5}},"type":"switch","locations":[{"start":{"line":6,"column":6},"end":{"line":6,"column":38}},{"start":{"line":7,"column":6},"end":{"line":7,"column":44}},{"start":{"line":8,"column":6},"end":{"line":11,"column":14}},{"start":{"line":12,"column":6},"end":{"line":15,"column":14}},{"start":{"line":16,"column":6},"end":{"line":19,"column":14}},{"start":{"line":20,"column":6},"end":{"line":23,"column":14}},{"start":{"line":24,"column":6},"end":{"line":27,"column":14}},{"start":{"line":28,"column":6},"end":{"line":31,"column":14}},{"start":{"line":32,"column":6},"end":{"line":35,"column":14}},{"start":{"line":36,"column":6},"end":{"line":39,"column":14}},{"start":{"line":40,"column":6},"end":{"line":43,"column":14}},{"start":{"line":44,"column":6},"end":{"line":47,"column":14}},{"start":{"line":48,"column":6},"end":{"line":51,"column":14}},{"start":{"line":52,"column":6},"end":{"line":55,"column":14}}],"line":5}},"s":{"0":1,"1":0,"2":0,"3":0,"4":0,"5":0,"6":0,"7":0,"8":0,"9":0,"10":0,"11":0,"12":0,"13":0,"14":0,"15":0,"16":0,"17":0,"18":0,"19":0,"20":0,"21":0,"22":0,"23":0,"24":0,"25":0,"26":0,"27":0,"28":0,"29":0,"30":0,"31":0,"32":0,"33":0,"34":0,"35":0,"36":0,"37":0,"38":0,"39":0,"40":0},"f":{"0":0},"b":{"0":[0,0,0,0,0,0,0,0,0,0,0,0,0,0]},"_coverageSchema":"1a1c01bbd47fc00a2c39e90264f33305004495a9","hash":"50cad7a47d2dd68bdcd0f4caeb5ced863e222ff5"}
,"D:\\seucom\\New folder\\backend-test-eigen\\migrations\\app-db-version.js": {"path":"D:\\seucom\\New folder\\backend-test-eigen\\migrations\\app-db-version.js","statementMap":{"0":{"start":{"line":1,"column":0},"end":{"line":1,"column":19}}},"fnMap":{},"branchMap":{},"s":{"0":1},"f":{},"b":{},"_coverageSchema":"1a1c01bbd47fc00a2c39e90264f33305004495a9","hash":"7c1d9341ef4b3a55b7ef5f3538d109d3c20069e9"}
,"D:\\seucom\\New folder\\backend-test-eigen\\migrations\\index.js": {"path":"D:\\seucom\\New folder\\backend-test-eigen\\migrations\\index.js","statementMap":{"0":{"start":{"line":1,"column":21},"end":{"line":1,"column":41}},"1":{"start":{"line":4,"column":8},"end":{"line":46,"column":9}},"2":{"start":{"line":5,"column":12},"end":{"line":10,"column":13}},"3":{"start":{"line":6,"column":16},"end":{"line":6,"column":43}},"4":{"start":{"line":7,"column":16},"end":{"line":7,"column":46}},"5":{"start":{"line":8,"column":16},"end":{"line":8,"column":29}},"6":{"start":{"line":9,"column":16},"end":{"line":9,"column":52}},"7":{"start":{"line":12,"column":12},"end":{"line":16,"column":13}},"8":{"start":{"line":13,"column":16},"end":{"line":13,"column":40}},"9":{"start":{"line":14,"column":16},"end":{"line":14,"column":29}},"10":{"start":{"line":15,"column":16},"end":{"line":15,"column":52}},"11":{"start":{"line":18,"column":12},"end":{"line":22,"column":13}},"12":{"start":{"line":19,"column":16},"end":{"line":19,"column":40}},"13":{"start":{"line":20,"column":16},"end":{"line":20,"column":29}},"14":{"start":{"line":21,"column":16},"end":{"line":21,"column":52}},"15":{"start":{"line":24,"column":12},"end":{"line":28,"column":13}},"16":{"start":{"line":25,"column":16},"end":{"line":25,"column":42}},"17":{"start":{"line":26,"column":16},"end":{"line":26,"column":29}},"18":{"start":{"line":27,"column":16},"end":{"line":27,"column":52}},"19":{"start":{"line":30,"column":12},"end":{"line":34,"column":13}},"20":{"start":{"line":31,"column":16},"end":{"line":31,"column":42}},"21":{"start":{"line":32,"column":16},"end":{"line":32,"column":29}},"22":{"start":{"line":33,"column":16},"end":{"line":33,"column":52}},"23":{"start":{"line":36,"column":12},"end":{"line":40,"column":13}},"24":{"start":{"line":37,"column":16},"end":{"line":37,"column":42}},"25":{"start":{"line":38,"column":16},"end":{"line":38,"column":29}},"26":{"start":{"line":39,"column":16},"end":{"line":39,"column":52}},"27":{"start":{"line":43,"column":12},"end":{"line":43,"column":48}},"28":{"start":{"line":45,"column":12},"end":{"line":45,"column":133}},"29":{"start":{"line":50,"column":8},"end":{"line":63,"column":9}},"30":{"start":{"line":51,"column":22},"end":{"line":51,"column":52}},"31":{"start":{"line":52,"column":12},"end":{"line":52,"column":32}},"32":{"start":{"line":54,"column":12},"end":{"line":59,"column":15}},"33":{"start":{"line":60,"column":12},"end":{"line":60,"column":32}},"34":{"start":{"line":62,"column":12},"end":{"line":62,"column":35}},"35":{"start":{"line":67,"column":8},"end":{"line":73,"column":9}},"36":{"start":{"line":68,"column":24},"end":{"line":69,"column":44}},"37":{"start":{"line":70,"column":12},"end":{"line":70,"column":32}},"38":{"start":{"line":72,"column":12},"end":{"line":72,"column":35}},"39":{"start":{"line":77,"column":8},"end":{"line":83,"column":9}},"40":{"start":{"line":78,"column":24},"end":{"line":79,"column":61}},"41":{"start":{"line":80,"column":12},"end":{"line":80,"column":32}},"42":{"start":{"line":82,"column":12},"end":{"line":82,"column":35}},"43":{"start":{"line":87,"column":8},"end":{"line":110,"column":11}},"44":{"start":{"line":88,"column":12},"end":{"line":109,"column":13}},"45":{"start":{"line":89,"column":26},"end":{"line":89,"column":54}},"46":{"start":{"line":90,"column":41},"end":{"line":90,"column":60}},"47":{"start":{"line":92,"column":16},"end":{"line":106,"column":17}},"48":{"start":{"line":93,"column":20},"end":{"line":96,"column":45}},"49":{"start":{"line":97,"column":20},"end":{"line":97,"column":59}},"50":{"start":{"line":99,"column":20},"end":{"line":103,"column":21}},"51":{"start":{"line":100,"column":24},"end":{"line":100,"column":52}},"52":{"start":{"line":102,"column":24},"end":{"line":102,"column":35}},"53":{"start":{"line":105,"column":20},"end":{"line":105,"column":31}},"54":{"start":{"line":108,"column":16},"end":{"line":108,"column":30}},"55":{"start":{"line":114,"column":8},"end":{"line":128,"column":9}},"56":{"start":{"line":115,"column":22},"end":{"line":115,"column":49}},"57":{"start":{"line":116,"column":12},"end":{"line":116,"column":32}},"58":{"start":{"line":118,"column":12},"end":{"line":124,"column":14}},"59":{"start":{"line":125,"column":12},"end":{"line":125,"column":32}},"60":{"start":{"line":127,"column":12},"end":{"line":127,"column":35}},"61":{"start":{"line":132,"column":8},"end":{"line":145,"column":9}},"62":{"start":{"line":133,"column":24},"end":{"line":141,"column":13}},"63":{"start":{"line":142,"column":12},"end":{"line":142,"column":32}},"64":{"start":{"line":144,"column":12},"end":{"line":144,"column":35}},"65":{"start":{"line":149,"column":8},"end":{"line":162,"column":9}},"66":{"start":{"line":150,"column":22},"end":{"line":150,"column":51}},"67":{"start":{"line":151,"column":12},"end":{"line":151,"column":32}},"68":{"start":{"line":153,"column":12},"end":{"line":158,"column":14}},"69":{"start":{"line":159,"column":12},"end":{"line":159,"column":32}},"70":{"start":{"line":161,"column":12},"end":{"line":161,"column":32}},"71":{"start":{"line":166,"column":8},"end":{"line":177,"column":9}},"72":{"start":{"line":167,"column":24},"end":{"line":173,"column":13}},"73":{"start":{"line":174,"column":12},"end":{"line":174,"column":32}},"74":{"start":{"line":176,"column":12},"end":{"line":176,"column":35}},"75":{"start":{"line":181,"column":8},"end":{"line":196,"column":9}},"76":{"start":{"line":182,"column":22},"end":{"line":182,"column":51}},"77":{"start":{"line":183,"column":12},"end":{"line":183,"column":32}},"78":{"start":{"line":185,"column":12},"end":{"line":192,"column":14}},"79":{"start":{"line":193,"column":12},"end":{"line":193,"column":32}},"80":{"start":{"line":195,"column":12},"end":{"line":195,"column":35}},"81":{"start":{"line":201,"column":0},"end":{"line":201,"column":34}}},"fnMap":{"0":{"name":"(anonymous_0)","decl":{"start":{"line":3,"column":4},"end":{"line":3,"column":5}},"loc":{"start":{"line":3,"column":37},"end":{"line":47,"column":5}},"line":3},"1":{"name":"(anonymous_1)","decl":{"start":{"line":49,"column":4},"end":{"line":49,"column":5}},"loc":{"start":{"line":49,"column":33},"end":{"line":64,"column":5}},"line":49},"2":{"name":"(anonymous_2)","decl":{"start":{"line":66,"column":4},"end":{"line":66,"column":5}},"loc":{"start":{"line":66,"column":36},"end":{"line":74,"column":5}},"line":66},"3":{"name":"(anonymous_3)","decl":{"start":{"line":76,"column":4},"end":{"line":76,"column":5}},"loc":{"start":{"line":76,"column":35},"end":{"line":84,"column":5}},"line":76},"4":{"name":"(anonymous_4)","decl":{"start":{"line":86,"column":4},"end":{"line":86,"column":5}},"loc":{"start":{"line":86,"column":26},"end":{"line":111,"column":5}},"line":86},"5":{"name":"(anonymous_5)","decl":{"start":{"line":87,"column":27},"end":{"line":87,"column":28}},"loc":{"start":{"line":87,"column":54},"end":{"line":110,"column":9}},"line":87},"6":{"name":"(anonymous_6)","decl":{"start":{"line":113,"column":4},"end":{"line":113,"column":5}},"loc":{"start":{"line":113,"column":30},"end":{"line":129,"column":5}},"line":113},"7":{"name":"(anonymous_7)","decl":{"start":{"line":131,"column":4},"end":{"line":131,"column":5}},"loc":{"start":{"line":131,"column":30},"end":{"line":146,"column":5}},"line":131},"8":{"name":"(anonymous_8)","decl":{"start":{"line":148,"column":4},"end":{"line":148,"column":5}},"loc":{"start":{"line":148,"column":31},"end":{"line":163,"column":5}},"line":148},"9":{"name":"(anonymous_9)","decl":{"start":{"line":165,"column":4},"end":{"line":165,"column":5}},"loc":{"start":{"line":165,"column":32},"end":{"line":178,"column":5}},"line":165},"10":{"name":"(anonymous_10)","decl":{"start":{"line":180,"column":4},"end":{"line":180,"column":5}},"loc":{"start":{"line":180,"column":32},"end":{"line":197,"column":5}},"line":180}},"branchMap":{"0":{"loc":{"start":{"line":5,"column":12},"end":{"line":10,"column":13}},"type":"if","locations":[{"start":{"line":5,"column":12},"end":{"line":10,"column":13}},{"start":{},"end":{}}],"line":5},"1":{"loc":{"start":{"line":12,"column":12},"end":{"line":16,"column":13}},"type":"if","locations":[{"start":{"line":12,"column":12},"end":{"line":16,"column":13}},{"start":{},"end":{}}],"line":12},"2":{"loc":{"start":{"line":18,"column":12},"end":{"line":22,"column":13}},"type":"if","locations":[{"start":{"line":18,"column":12},"end":{"line":22,"column":13}},{"start":{},"end":{}}],"line":18},"3":{"loc":{"start":{"line":24,"column":12},"end":{"line":28,"column":13}},"type":"if","locations":[{"start":{"line":24,"column":12},"end":{"line":28,"column":13}},{"start":{},"end":{}}],"line":24},"4":{"loc":{"start":{"line":30,"column":12},"end":{"line":34,"column":13}},"type":"if","locations":[{"start":{"line":30,"column":12},"end":{"line":34,"column":13}},{"start":{},"end":{}}],"line":30},"5":{"loc":{"start":{"line":36,"column":12},"end":{"line":40,"column":13}},"type":"if","locations":[{"start":{"line":36,"column":12},"end":{"line":40,"column":13}},{"start":{},"end":{}}],"line":36},"6":{"loc":{"start":{"line":92,"column":16},"end":{"line":106,"column":17}},"type":"if","locations":[{"start":{"line":92,"column":16},"end":{"line":106,"column":17}},{"start":{"line":104,"column":23},"end":{"line":106,"column":17}}],"line":92},"7":{"loc":{"start":{"line":99,"column":20},"end":{"line":103,"column":21}},"type":"if","locations":[{"start":{"line":99,"column":20},"end":{"line":103,"column":21}},{"start":{"line":101,"column":27},"end":{"line":103,"column":21}}],"line":99}},"s":{"0":1,"1":0,"2":0,"3":0,"4":0,"5":0,"6":0,"7":0,"8":0,"9":0,"10":0,"11":0,"12":0,"13":0,"14":0,"15":0,"16":0,"17":0,"18":0,"19":0,"20":0,"21":0,"22":0,"23":0,"24":0,"25":0,"26":0,"27":0,"28":0,"29":0,"30":0,"31":0,"32":0,"33":0,"34":0,"35":0,"36":0,"37":0,"38":0,"39":0,"40":0,"41":0,"42":0,"43":0,"44":0,"45":0,"46":0,"47":0,"48":0,"49":0,"50":0,"51":0,"52":0,"53":0,"54":0,"55":0,"56":0,"57":0,"58":0,"59":0,"60":0,"61":0,"62":0,"63":0,"64":0,"65":0,"66":0,"67":0,"68":0,"69":0,"70":0,"71":0,"72":0,"73":0,"74":0,"75":0,"76":0,"77":0,"78":0,"79":0,"80":0,"81":1},"f":{"0":0,"1":0,"2":0,"3":0,"4":0,"5":0,"6":0,"7":0,"8":0,"9":0,"10":0},"b":{"0":[0,0],"1":[0,0],"2":[0,0],"3":[0,0],"4":[0,0],"5":[0,0],"6":[0,0],"7":[0,0]},"_coverageSchema":"1a1c01bbd47fc00a2c39e90264f33305004495a9","hash":"aa5fe446635a0756616c39cbcd42bc7cb3a1279c"}
,"D:\\seucom\\New folder\\backend-test-eigen\\models\\book.js": {"path":"D:\\seucom\\New folder\\backend-test-eigen\\models\\book.js","statementMap":{"0":{"start":{"line":1,"column":18},"end":{"line":1,"column":38}},"1":{"start":{"line":5,"column":0},"end":{"line":33,"column":2}},"2":{"start":{"line":6,"column":4},"end":{"line":30,"column":7}},"3":{"start":{"line":32,"column":4},"end":{"line":32,"column":16}}},"fnMap":{"0":{"name":"(anonymous_0)","decl":{"start":{"line":5,"column":17},"end":{"line":5,"column":18}},"loc":{"start":{"line":5,"column":43},"end":{"line":33,"column":1}},"line":5}},"branchMap":{},"s":{"0":1,"1":1,"2":1,"3":1},"f":{"0":1},"b":{},"_coverageSchema":"1a1c01bbd47fc00a2c39e90264f33305004495a9","hash":"483193d871507e84107096df2e56e85887a9035c"}
,"D:\\seucom\\New folder\\backend-test-eigen\\models\\borrow.js": {"path":"D:\\seucom\\New folder\\backend-test-eigen\\models\\borrow.js","statementMap":{"0":{"start":{"line":1,"column":18},"end":{"line":1,"column":38}},"1":{"start":{"line":5,"column":0},"end":{"line":36,"column":2}},"2":{"start":{"line":6,"column":4},"end":{"line":33,"column":7}},"3":{"start":{"line":35,"column":4},"end":{"line":35,"column":18}}},"fnMap":{"0":{"name":"(anonymous_0)","decl":{"start":{"line":5,"column":17},"end":{"line":5,"column":18}},"loc":{"start":{"line":5,"column":43},"end":{"line":36,"column":1}},"line":5}},"branchMap":{},"s":{"0":1,"1":1,"2":1,"3":1},"f":{"0":1},"b":{},"_coverageSchema":"1a1c01bbd47fc00a2c39e90264f33305004495a9","hash":"7bb96b582bceee06c1de6fe44730a43dfaa863cf"}
,"D:\\seucom\\New folder\\backend-test-eigen\\models\\index.js": {"path":"D:\\seucom\\New folder\\backend-test-eigen\\models\\index.js","statementMap":{"0":{"start":{"line":1,"column":37},"end":{"line":1,"column":57}},"1":{"start":{"line":2,"column":15},"end":{"line":2,"column":35}},"2":{"start":{"line":4,"column":18},"end":{"line":23,"column":1}},"3":{"start":{"line":25,"column":0},"end":{"line":26,"column":86}},"4":{"start":{"line":26,"column":22},"end":{"line":26,"column":84}},"5":{"start":{"line":28,"column":17},"end":{"line":70,"column":1}},"6":{"start":{"line":47,"column":4},"end":{"line":69,"column":6}},"7":{"start":{"line":48,"column":20},"end":{"line":48,"column":22}},"8":{"start":{"line":50,"column":8},"end":{"line":52,"column":9}},"9":{"start":{"line":51,"column":12},"end":{"line":51,"column":50}},"10":{"start":{"line":54,"column":8},"end":{"line":56,"column":9}},"11":{"start":{"line":55,"column":12},"end":{"line":55,"column":42}},"12":{"start":{"line":58,"column":8},"end":{"line":60,"column":9}},"13":{"start":{"line":59,"column":12},"end":{"line":59,"column":29}},"14":{"start":{"line":62,"column":8},"end":{"line":68,"column":15}},"15":{"start":{"line":64,"column":16},"end":{"line":64,"column":32}},"16":{"start":{"line":67,"column":16},"end":{"line":67,"column":30}},"17":{"start":{"line":72,"column":11},"end":{"line":72,"column":13}},"18":{"start":{"line":73,"column":0},"end":{"line":73,"column":25}},"19":{"start":{"line":74,"column":0},"end":{"line":74,"column":25}},"20":{"start":{"line":75,"column":0},"end":{"line":75,"column":11}},"21":{"start":{"line":77,"column":0},"end":{"line":77,"column":50}},"22":{"start":{"line":78,"column":0},"end":{"line":78,"column":54}},"23":{"start":{"line":79,"column":0},"end":{"line":79,"column":54}},"24":{"start":{"line":82,"column":0},"end":{"line":82,"column":96}},"25":{"start":{"line":83,"column":0},"end":{"line":83,"column":96}},"26":{"start":{"line":87,"column":0},"end":{"line":87,"column":98}},"27":{"start":{"line":88,"column":0},"end":{"line":88,"column":100}},"28":{"start":{"line":94,"column":0},"end":{"line":94,"column":23}},"29":{"start":{"line":95,"column":0},"end":{"line":95,"column":20}}},"fnMap":{"0":{"name":"(anonymous_0)","decl":{"start":{"line":26,"column":11},"end":{"line":26,"column":12}},"loc":{"start":{"line":26,"column":22},"end":{"line":26,"column":84}},"line":26},"1":{"name":"(anonymous_1)","decl":{"start":{"line":28,"column":17},"end":{"line":28,"column":18}},"loc":{"start":{"line":47,"column":4},"end":{"line":69,"column":6}},"line":47},"2":{"name":"(anonymous_2)","decl":{"start":{"line":47,"column":16},"end":{"line":47,"column":17}},"loc":{"start":{"line":47,"column":37},"end":{"line":69,"column":5}},"line":47},"3":{"name":"(anonymous_3)","decl":{"start":{"line":63,"column":18},"end":{"line":63,"column":19}},"loc":{"start":{"line":63,"column":30},"end":{"line":65,"column":13}},"line":63},"4":{"name":"(anonymous_4)","decl":{"start":{"line":66,"column":19},"end":{"line":66,"column":20}},"loc":{"start":{"line":66,"column":30},"end":{"line":68,"column":13}},"line":66}},"branchMap":{"0":{"loc":{"start":{"line":50,"column":8},"end":{"line":52,"column":9}},"type":"if","locations":[{"start":{"line":50,"column":8},"end":{"line":52,"column":9}},{"start":{},"end":{}}],"line":50},"1":{"loc":{"start":{"line":54,"column":8},"end":{"line":56,"column":9}},"type":"if","locations":[{"start":{"line":54,"column":8},"end":{"line":56,"column":9}},{"start":{},"end":{}}],"line":54},"2":{"loc":{"start":{"line":58,"column":8},"end":{"line":60,"column":9}},"type":"if","locations":[{"start":{"line":58,"column":8},"end":{"line":60,"column":9}},{"start":{},"end":{}}],"line":58}},"s":{"0":1,"1":1,"2":1,"3":1,"4":0,"5":1,"6":0,"7":0,"8":0,"9":0,"10":0,"11":0,"12":0,"13":0,"14":0,"15":0,"16":0,"17":1,"18":1,"19":1,"20":1,"21":1,"22":1,"23":1,"24":1,"25":1,"26":1,"27":1,"28":1,"29":1},"f":{"0":0,"1":0,"2":0,"3":0,"4":0},"b":{"0":[0,0],"1":[0,0],"2":[0,0]},"_coverageSchema":"1a1c01bbd47fc00a2c39e90264f33305004495a9","hash":"326004ce9616018cb2a53a86e907976b2f0ec0b7"}
,"D:\\seucom\\New folder\\backend-test-eigen\\models\\member.js": {"path":"D:\\seucom\\New folder\\backend-test-eigen\\models\\member.js","statementMap":{"0":{"start":{"line":1,"column":18},"end":{"line":1,"column":38}},"1":{"start":{"line":5,"column":0},"end":{"line":28,"column":2}},"2":{"start":{"line":6,"column":4},"end":{"line":25,"column":7}},"3":{"start":{"line":27,"column":4},"end":{"line":27,"column":18}}},"fnMap":{"0":{"name":"(anonymous_0)","decl":{"start":{"line":5,"column":17},"end":{"line":5,"column":18}},"loc":{"start":{"line":5,"column":43},"end":{"line":28,"column":1}},"line":5}},"branchMap":{},"s":{"0":1,"1":1,"2":1,"3":1},"f":{"0":1},"b":{},"_coverageSchema":"1a1c01bbd47fc00a2c39e90264f33305004495a9","hash":"9f91f7767fce6c3b980589f91b3415a74478bb19"}
,"D:\\seucom\\New folder\\backend-test-eigen\\routes\\book.js": {"path":"D:\\seucom\\New folder\\backend-test-eigen\\routes\\book.js","statementMap":{"0":{"start":{"line":1,"column":16},"end":{"line":1,"column":34}},"1":{"start":{"line":2,"column":17},"end":{"line":2,"column":46}},"2":{"start":{"line":4,"column":15},"end":{"line":4,"column":31}},"3":{"start":{"line":5,"column":18},"end":{"line":5,"column":26}},"4":{"start":{"line":8,"column":0},"end":{"line":12,"column":6}},"5":{"start":{"line":15,"column":0},"end":{"line":15,"column":24}}},"fnMap":{},"branchMap":{},"s":{"0":1,"1":1,"2":1,"3":1,"4":1,"5":1},"f":{},"b":{},"_coverageSchema":"1a1c01bbd47fc00a2c39e90264f33305004495a9","hash":"10d56f1dd78dcc1303a9e827dd28cd5b910adc66"}
,"D:\\seucom\\New folder\\backend-test-eigen\\routes\\borrow.js": {"path":"D:\\seucom\\New folder\\backend-test-eigen\\routes\\borrow.js","statementMap":{"0":{"start":{"line":1,"column":16},"end":{"line":1,"column":34}},"1":{"start":{"line":2,"column":19},"end":{"line":2,"column":50}},"2":{"start":{"line":4,"column":15},"end":{"line":4,"column":31}},"3":{"start":{"line":5,"column":18},"end":{"line":5,"column":27}},"4":{"start":{"line":8,"column":0},"end":{"line":12,"column":6}},"5":{"start":{"line":15,"column":4},"end":{"line":19,"column":6}},"6":{"start":{"line":23,"column":0},"end":{"line":23,"column":24}}},"fnMap":{},"branchMap":{},"s":{"0":1,"1":1,"2":1,"3":1,"4":1,"5":1,"6":1},"f":{},"b":{},"_coverageSchema":"1a1c01bbd47fc00a2c39e90264f33305004495a9","hash":"8178891f0c6ef325b31a4e9fb7e7d098b7e7f41d"}
,"D:\\seucom\\New folder\\backend-test-eigen\\routes\\index.js": {"path":"D:\\seucom\\New folder\\backend-test-eigen\\routes\\index.js","statementMap":{"0":{"start":{"line":1,"column":15},"end":{"line":1,"column":42}},"1":{"start":{"line":3,"column":0},"end":{"line":3,"column":35}},"2":{"start":{"line":4,"column":0},"end":{"line":4,"column":37}},"3":{"start":{"line":5,"column":0},"end":{"line":5,"column":37}},"4":{"start":{"line":7,"column":0},"end":{"line":7,"column":24}}},"fnMap":{},"branchMap":{},"s":{"0":1,"1":1,"2":1,"3":1,"4":1},"f":{},"b":{},"_coverageSchema":"1a1c01bbd47fc00a2c39e90264f33305004495a9","hash":"2a2be668c0c33a9dcdf9dd15d3d4bc0322a8a255"}
,"D:\\seucom\\New folder\\backend-test-eigen\\routes\\member.js": {"path":"D:\\seucom\\New folder\\backend-test-eigen\\routes\\member.js","statementMap":{"0":{"start":{"line":1,"column":16},"end":{"line":1,"column":34}},"1":{"start":{"line":2,"column":19},"end":{"line":2,"column":51}},"2":{"start":{"line":4,"column":15},"end":{"line":4,"column":31}},"3":{"start":{"line":5,"column":18},"end":{"line":5,"column":28}},"4":{"start":{"line":8,"column":0},"end":{"line":12,"column":6}},"5":{"start":{"line":15,"column":0},"end":{"line":15,"column":24}}},"fnMap":{},"branchMap":{},"s":{"0":1,"1":1,"2":1,"3":1,"4":1,"5":1},"f":{},"b":{},"_coverageSchema":"1a1c01bbd47fc00a2c39e90264f33305004495a9","hash":"c3994b6d507c844726af47e48c8d34ac0101ed92"}
}
