TN:
SF:app.js
FNF:0
FNH:0
DA:2,1
DA:3,1
DA:4,1
DA:5,1
DA:6,1
DA:7,1
DA:8,1
DA:9,1
DA:10,1
DA:11,1
DA:13,1
DA:15,1
DA:16,1
DA:18,1
DA:19,1
DA:22,1
DA:23,1
DA:25,1
LF:18
LH:18
BRF:0
BRH:0
end_of_record
TN:
SF:config\index.js
FNF:0
FNH:0
DA:1,1
DA:3,1
LF:2
LH:2
BRDA:4,0,0,1
BRDA:4,0,1,0
BRDA:5,1,0,1
BRDA:5,1,1,0
BRDA:6,2,0,1
BRDA:6,2,1,0
BRDA:9,3,0,1
BRDA:9,3,1,0
BRDA:10,4,0,1
BRDA:10,4,1,0
BRDA:11,5,0,1
BRDA:11,5,1,0
BRDA:13,6,0,1
BRDA:13,6,1,0
BRDA:14,7,0,1
BRDA:14,7,1,1
BRDA:15,8,0,1
BRDA:15,8,1,0
BRDA:16,9,0,1
BRDA:16,9,1,1
BRDA:17,10,0,1
BRDA:17,10,1,0
BRDA:18,11,0,1
BRDA:18,11,1,0
BRDA:19,12,0,1
BRDA:19,12,1,0
BRF:26
BRH:15
end_of_record
TN:
SF:controller\book.js
FN:4,(anonymous_0)
FNF:1
FNH:1
FNDA:1,(anonymous_0)
DA:1,1
DA:5,1
DA:6,1
DA:14,1
DA:18,1
DA:20,0
DA:26,1
LF:7
LH:6
BRF:0
BRH:0
end_of_record
TN:
SF:controller\borrow.js
FN:6,(anonymous_0)
FN:82,(anonymous_1)
FNF:2
FNH:2
FNDA:1,(anonymous_0)
FNDA:1,(anonymous_1)
DA:1,1
DA:2,1
DA:7,1
DA:8,1
DA:9,1
DA:11,1
DA:12,0
DA:15,1
DA:16,0
DA:19,1
DA:20,0
DA:23,1
DA:27,1
DA:31,1
DA:32,0
DA:35,1
DA:36,0
DA:39,1
DA:40,0
DA:43,1
DA:44,0
DA:45,0
DA:47,0
DA:49,0
DA:50,0
DA:54,1
DA:61,1
DA:62,0
DA:66,1
DA:72,1
DA:73,1
DA:75,1
DA:77,0
DA:78,0
DA:83,1
DA:85,1
DA:86,1
DA:88,1
DA:89,0
DA:92,1
DA:93,0
DA:96,1
DA:97,0
DA:100,1
DA:108,1
DA:109,0
DA:113,1
DA:117,1
DA:121,1
DA:122,0
DA:125,1
DA:126,0
DA:130,1
DA:131,1
DA:133,1
DA:135,1
DA:136,1
DA:138,1
DA:139,0
DA:145,1
DA:147,0
DA:148,0
DA:155,1
LF:63
LH:40
BRDA:11,0,0,0
BRDA:11,0,1,1
BRDA:15,1,0,0
BRDA:15,1,1,1
BRDA:19,2,0,0
BRDA:19,2,1,1
BRDA:31,3,0,0
BRDA:31,3,1,1
BRDA:35,4,0,0
BRDA:35,4,1,1
BRDA:39,5,0,0
BRDA:39,5,1,1
BRDA:43,6,0,0
BRDA:43,6,1,1
BRDA:49,7,0,0
BRDA:49,7,1,0
BRDA:61,8,0,0
BRDA:61,8,1,1
BRDA:88,9,0,0
BRDA:88,9,1,1
BRDA:92,10,0,0
BRDA:92,10,1,1
BRDA:96,11,0,0
BRDA:96,11,1,1
BRDA:108,12,0,0
BRDA:108,12,1,1
BRDA:121,13,0,0
BRDA:121,13,1,1
BRDA:125,14,0,0
BRDA:125,14,1,1
BRDA:138,15,0,0
BRDA:138,15,1,1
BRF:32
BRH:15
end_of_record
TN:
SF:controller\members.js
FN:5,(anonymous_0)
FN:23,(anonymous_1)
FN:24,(anonymous_2)
FNF:3
FNH:3
FNDA:1,(anonymous_0)
FNDA:3,(anonymous_1)
FNDA:3,(anonymous_2)
DA:1,1
DA:6,1
DA:7,1
DA:23,3
DA:24,1
DA:25,3
DA:32,1
DA:34,0
DA:35,0
DA:42,1
LF:10
LH:8
BRF:0
BRH:0
end_of_record
TN:
SF:middleware\errorhandler.js
FN:1,(anonymous_0)
FNF:1
FNH:0
FNDA:0,(anonymous_0)
DA:1,1
DA:2,0
DA:3,0
DA:5,0
DA:9,0
DA:10,0
DA:11,0
DA:13,0
DA:14,0
DA:15,0
DA:17,0
DA:18,0
DA:19,0
DA:21,0
DA:22,0
DA:23,0
DA:25,0
DA:26,0
DA:27,0
DA:29,0
DA:30,0
DA:31,0
DA:33,0
DA:34,0
DA:35,0
DA:37,0
DA:38,0
DA:39,0
DA:41,0
DA:42,0
DA:43,0
DA:45,0
DA:46,0
DA:47,0
DA:49,0
DA:50,0
DA:51,0
DA:53,0
DA:54,0
DA:55,0
DA:58,0
LF:41
LH:1
BRDA:5,0,0,0
BRDA:5,0,1,0
BRDA:5,0,2,0
BRDA:5,0,3,0
BRDA:5,0,4,0
BRDA:5,0,5,0
BRDA:5,0,6,0
BRDA:5,0,7,0
BRDA:5,0,8,0
BRDA:5,0,9,0
BRDA:5,0,10,0
BRDA:5,0,11,0
BRDA:5,0,12,0
BRDA:5,0,13,0
BRF:14
BRH:0
end_of_record
TN:
SF:migrations\app-db-version.js
FNF:0
FNH:0
DA:1,1
LF:1
LH:1
BRF:0
BRH:0
end_of_record
TN:
SF:migrations\index.js
FN:3,(anonymous_0)
FN:49,(anonymous_1)
FN:66,(anonymous_2)
FN:76,(anonymous_3)
FN:86,(anonymous_4)
FN:87,(anonymous_5)
FN:113,(anonymous_6)
FN:131,(anonymous_7)
FN:148,(anonymous_8)
FN:165,(anonymous_9)
FN:180,(anonymous_10)
FNF:11
FNH:0
FNDA:0,(anonymous_0)
FNDA:0,(anonymous_1)
FNDA:0,(anonymous_2)
FNDA:0,(anonymous_3)
FNDA:0,(anonymous_4)
FNDA:0,(anonymous_5)
FNDA:0,(anonymous_6)
FNDA:0,(anonymous_7)
FNDA:0,(anonymous_8)
FNDA:0,(anonymous_9)
FNDA:0,(anonymous_10)
DA:1,1
DA:4,0
DA:5,0
DA:6,0
DA:7,0
DA:8,0
DA:9,0
DA:12,0
DA:13,0
DA:14,0
DA:15,0
DA:18,0
DA:19,0
DA:20,0
DA:21,0
DA:24,0
DA:25,0
DA:26,0
DA:27,0
DA:30,0
DA:31,0
DA:32,0
DA:33,0
DA:36,0
DA:37,0
DA:38,0
DA:39,0
DA:43,0
DA:45,0
DA:50,0
DA:51,0
DA:52,0
DA:54,0
DA:60,0
DA:62,0
DA:67,0
DA:68,0
DA:70,0
DA:72,0
DA:77,0
DA:78,0
DA:80,0
DA:82,0
DA:87,0
DA:88,0
DA:89,0
DA:90,0
DA:92,0
DA:93,0
DA:97,0
DA:99,0
DA:100,0
DA:102,0
DA:105,0
DA:108,0
DA:114,0
DA:115,0
DA:116,0
DA:118,0
DA:125,0
DA:127,0
DA:132,0
DA:133,0
DA:142,0
DA:144,0
DA:149,0
DA:150,0
DA:151,0
DA:153,0
DA:159,0
DA:161,0
DA:166,0
DA:167,0
DA:174,0
DA:176,0
DA:181,0
DA:182,0
DA:183,0
DA:185,0
DA:193,0
DA:195,0
DA:201,1
LF:82
LH:2
BRDA:5,0,0,0
BRDA:5,0,1,0
BRDA:12,1,0,0
BRDA:12,1,1,0
BRDA:18,2,0,0
BRDA:18,2,1,0
BRDA:24,3,0,0
BRDA:24,3,1,0
BRDA:30,4,0,0
BRDA:30,4,1,0
BRDA:36,5,0,0
BRDA:36,5,1,0
BRDA:92,6,0,0
BRDA:92,6,1,0
BRDA:99,7,0,0
BRDA:99,7,1,0
BRF:16
BRH:0
end_of_record
TN:
SF:models\book.js
FN:5,(anonymous_0)
FNF:1
FNH:1
FNDA:1,(anonymous_0)
DA:1,1
DA:5,1
DA:6,1
DA:32,1
LF:4
LH:4
BRF:0
BRH:0
end_of_record
TN:
SF:models\borrow.js
FN:5,(anonymous_0)
FNF:1
FNH:1
FNDA:1,(anonymous_0)
DA:1,1
DA:5,1
DA:6,1
DA:35,1
LF:4
LH:4
BRF:0
BRH:0
end_of_record
TN:
SF:models\index.js
FN:26,(anonymous_0)
FN:28,(anonymous_1)
FN:47,(anonymous_2)
FN:63,(anonymous_3)
FN:66,(anonymous_4)
FNF:5
FNH:0
FNDA:0,(anonymous_0)
FNDA:0,(anonymous_1)
FNDA:0,(anonymous_2)
FNDA:0,(anonymous_3)
FNDA:0,(anonymous_4)
DA:1,1
DA:2,1
DA:4,1
DA:25,1
DA:26,0
DA:28,1
DA:47,0
DA:48,0
DA:50,0
DA:51,0
DA:54,0
DA:55,0
DA:58,0
DA:59,0
DA:62,0
DA:64,0
DA:67,0
DA:72,1
DA:73,1
DA:74,1
DA:75,1
DA:77,1
DA:78,1
DA:79,1
DA:82,1
DA:83,1
DA:87,1
DA:88,1
DA:94,1
DA:95,1
LF:30
LH:18
BRDA:50,0,0,0
BRDA:50,0,1,0
BRDA:54,1,0,0
BRDA:54,1,1,0
BRDA:58,2,0,0
BRDA:58,2,1,0
BRF:6
BRH:0
end_of_record
TN:
SF:models\member.js
FN:5,(anonymous_0)
FNF:1
FNH:1
FNDA:1,(anonymous_0)
DA:1,1
DA:5,1
DA:6,1
DA:27,1
LF:4
LH:4
BRF:0
BRH:0
end_of_record
TN:
SF:routes\book.js
FNF:0
FNH:0
DA:1,1
DA:2,1
DA:4,1
DA:5,1
DA:8,1
DA:15,1
LF:6
LH:6
BRF:0
BRH:0
end_of_record
TN:
SF:routes\borrow.js
FNF:0
FNH:0
DA:1,1
DA:2,1
DA:4,1
DA:5,1
DA:8,1
DA:15,1
DA:23,1
LF:7
LH:7
BRF:0
BRH:0
end_of_record
TN:
SF:routes\index.js
FNF:0
FNH:0
DA:1,1
DA:3,1
DA:4,1
DA:5,1
DA:7,1
LF:5
LH:5
BRF:0
BRH:0
end_of_record
TN:
SF:routes\member.js
FNF:0
FNH:0
DA:1,1
DA:2,1
DA:4,1
DA:5,1
DA:8,1
DA:15,1
LF:6
LH:6
BRF:0
BRH:0
end_of_record
